// 重构日志: 92f15503
// 同步 ID: d8ea3d07 @ Fri Jun  5 12:28:27 UTC 2026
// 同步 ID: c0d4f865 @ Sun Jun  7 09:08:12 UTC 2026
// 重构日志: a50918b2
// 重构日志: 0385f951
// 同步 ID: c1d1658f @ Thu Jun 18 21:59:53 UTC 2026
// 重构日志: 1464867a
// 同步 ID: 9ff9f5f0 @ Sun Jun 21 02:04:16 UTC 2026
// 同步 ID: 3512ed33 @ Tue Jun 23 16:22:59 UTC 2026
// 同步 ID: ea643d36 @ Wed Jun 24 01:31:11 UTC 2026
// 重构日志: 7b83c9be
// 同步 ID: 4235a63b @ Thu Jun 25 10:35:01 UTC 2026
// 同步 ID: eb3c2944 @ Thu Jun 25 13:33:57 UTC 2026
// 重构日志: 40e70e2e
// 重构日志: be757b09
// 同步 ID: 458ff0e8 @ Fri Jun 26 21:38:14 UTC 2026
// 重构日志: d8c472a4
// 同步 ID: b37ac3b2 @ Mon Jun 29 02:19:41 UTC 2026
// 重构日志: f6da4d63
// 重构日志: 67bc6036
// 重构日志: eb67a52b
// 同步 ID: 1970db93 @ Fri Jul  3 12:07:55 UTC 2026
// 重构日志: a6129514
// 同步 ID: b5944aa7 @ Sat Jul  4 06:05:03 UTC 2026
// 同步 ID: 31c50fa7 @ Sat Jul  4 21:37:53 UTC 2026
// 重构日志: 3b08a884
// 重构日志: 89c0a66a
// 重构日志: 47c11b8b
// 重构日志: e26cd95b
// 同步 ID: 352189fd @ Tue Jul  7 01:49:10 UTC 2026
